{
  "stats": {
    "suites": 1,
    "tests": 1,
    "passes": 0,
    "pending": 0,
    "failures": 1,
    "start": "2023-05-15T10:31:25.002Z",
    "end": "2023-05-15T10:31:28.719Z",
    "duration": 3717,
    "testsRegistered": 1,
    "passPercent": 0,
    "pendingPercent": 0,
    "other": 0,
    "hasOther": false,
    "skipped": 0,
    "hasSkipped": false
  },
  "results": [
    {
      "uuid": "1e81bbfd-d1df-424c-af9a-0dd7a7133885",
      "title": "",
      "fullFile": "E:\\QA\\Automation\\NEST\\API\\batch9\\test\\scenario\\update.test.js",
      "file": "\\test\\scenario\\update.test.js",
      "beforeHooks": [
        {
          "title": "\"before all\" hook in \"{root}\"",
          "fullTitle": "\"before all\" hook in \"{root}\"",
          "timedOut": false,
          "duration": 1616,
          "state": null,
          "speed": null,
          "pass": false,
          "fail": false,
          "pending": false,
          "context": null,
          "code": "const resDelBookingID = await herokuApi.get_booking_id();\n//console.log(resGetBookingID);\n\nglobal.bookingId = resDelBookingID.data[getRandomInt(100)].bookingid;\n// console.log(bookingId);\n// console.log(getRandomInt(13));",
          "err": {},
          "uuid": "b2911a6b-1f75-47e5-9b6c-03e87aa66e12",
          "parentUUID": "1e81bbfd-d1df-424c-af9a-0dd7a7133885",
          "isHook": true,
          "skipped": false
        },
        {
          "title": "\"before all\" hook in \"{root}\"",
          "fullTitle": "\"before all\" hook in \"{root}\"",
          "timedOut": false,
          "duration": 1323,
          "state": null,
          "speed": null,
          "pass": false,
          "fail": false,
          "pending": false,
          "context": null,
          "code": "const resGetBookingID = await herokuApi.get_booking_id();\n//console.log(resGetBookingID);\n\nglobal.bookingID = resGetBookingID.data[getRandomInt(13)].bookingid;\n//console.log(bookingID);\n//console.log(getRandomInt(13));",
          "err": {},
          "uuid": "66e9cef2-1561-41c0-a34b-60837f49b164",
          "parentUUID": "1e81bbfd-d1df-424c-af9a-0dd7a7133885",
          "isHook": true,
          "skipped": false
        }
      ],
      "afterHooks": [],
      "tests": [],
      "suites": [
        {
          "uuid": "09ad8ff9-f53c-49aa-804b-a38b69ccf53e",
          "title": "updatebooking",
          "fullFile": "E:\\QA\\Automation\\NEST\\API\\batch9\\test\\scenario\\update.test.js",
          "file": "\\test\\scenario\\update.test.js",
          "beforeHooks": [],
          "afterHooks": [],
          "tests": [
            {
              "title": "should sucesfully update booking",
              "fullTitle": "updatebooking should sucesfully update booking",
              "timedOut": false,
              "duration": 769,
              "state": "failed",
              "speed": null,
              "pass": false,
              "fail": true,
              "pending": false,
              "context": null,
              "code": "let booking =  {\n    \"firstname\" : \"Jim\",\n    \"lastname\" : \"Brown\",\n    \"totalprice\" : 111,\n    \"depositpaid\" : true,\n    \"bookingdates\" : {\n        \"checkin\" : \"2018-01-01\",\n        \"checkout\" : \"2019-01-01\"\n    },\n    \"additionalneeds\" : \"Breakfast\"\n}\nconst response = await herokuApi.booking(data.update_BOOKING);\nconsole.log(response.data)\nassert.equal(response.status, 200);\nassert.jsonSchema(response.data, UPDATE_SCHEMA2.JsonSchema);",
              "err": {
                "message": "AssertionError: expected 500 to equal 200",
                "estack": "AssertionError: expected 500 to equal 200\n    at Context.<anonymous> (file:///E:/QA/Automation/NEST/API/batch9/test/scenario/update.test.js:29:16)\n    at processTicksAndRejections (internal/process/task_queues.js:95:5)",
                "diff": "- 500\n+ 200\n"
              },
              "uuid": "67722775-d1a4-47cb-afa2-ee3549420db6",
              "parentUUID": "09ad8ff9-f53c-49aa-804b-a38b69ccf53e",
              "isHook": false,
              "skipped": false
            }
          ],
          "suites": [],
          "passes": [],
          "failures": [
            "67722775-d1a4-47cb-afa2-ee3549420db6"
          ],
          "pending": [],
          "skipped": [],
          "duration": 769,
          "root": false,
          "rootEmpty": false,
          "_timeout": 2000
        }
      ],
      "passes": [],
      "failures": [],
      "pending": [],
      "skipped": [],
      "duration": 0,
      "root": true,
      "rootEmpty": true,
      "_timeout": 2000
    }
  ],
  "meta": {
    "mocha": {
      "version": "10.2.0"
    },
    "mochawesome": {
      "options": {
        "quiet": false,
        "reportFilename": "mochawesome",
        "saveHtml": true,
        "saveJson": true,
        "consoleReporter": "spec",
        "useInlineDiffs": false,
        "code": true
      },
      "version": "7.1.3"
    },
    "marge": {
      "options": {
        "reportDir": "reports"
      },
      "version": "6.2.0"
    }
  }
}