{
  "stats": {
    "suites": 1,
    "tests": 2,
    "passes": 2,
    "pending": 0,
    "failures": 0,
    "start": "2023-05-15T09:47:47.225Z",
    "end": "2023-05-15T09:47:51.406Z",
    "duration": 4181,
    "testsRegistered": 2,
    "passPercent": 100,
    "pendingPercent": 0,
    "other": 0,
    "hasOther": false,
    "skipped": 0,
    "hasSkipped": false
  },
  "results": [
    {
      "uuid": "c9ca86fb-0d28-4e9e-9e13-f026acfa3b41",
      "title": "",
      "fullFile": "E:\\QA\\Automation\\NEST\\API\\batch9\\test\\scenario\\delete.test.js",
      "file": "\\test\\scenario\\delete.test.js",
      "beforeHooks": [
        {
          "title": "\"before all\" hook in \"{root}\"",
          "fullTitle": "\"before all\" hook in \"{root}\"",
          "timedOut": false,
          "duration": 1550,
          "state": null,
          "speed": null,
          "pass": false,
          "fail": false,
          "pending": false,
          "context": null,
          "code": "const resDelBookingID = await herokuApi.get_booking_id();\n//console.log(resGetBookingID);\n\nglobal.bookingId = resDelBookingID.data[getRandomInt(100)].bookingid;\n// console.log(bookingId);\n// console.log(getRandomInt(13));",
          "err": {},
          "uuid": "009aabfe-5bf8-41bb-8678-186d0b6dc52b",
          "parentUUID": "c9ca86fb-0d28-4e9e-9e13-f026acfa3b41",
          "isHook": true,
          "skipped": false
        },
        {
          "title": "\"before all\" hook in \"{root}\"",
          "fullTitle": "\"before all\" hook in \"{root}\"",
          "timedOut": false,
          "duration": 1074,
          "state": null,
          "speed": null,
          "pass": false,
          "fail": false,
          "pending": false,
          "context": null,
          "code": "const resGetBookingID = await herokuApi.get_booking_id();\n//console.log(resGetBookingID);\n\nglobal.bookingID = resGetBookingID.data[getRandomInt(13)].bookingid;\n//console.log(bookingID);\n//console.log(getRandomInt(13));",
          "err": {},
          "uuid": "a88663b1-f79a-451d-87d4-c360996bbe9e",
          "parentUUID": "c9ca86fb-0d28-4e9e-9e13-f026acfa3b41",
          "isHook": true,
          "skipped": false
        }
      ],
      "afterHooks": [],
      "tests": [],
      "suites": [
        {
          "uuid": "5f0d1418-d23e-4b4f-bd40-5bfae75b90a0",
          "title": "As a User, I want to delete an id",
          "fullFile": "E:\\QA\\Automation\\NEST\\API\\batch9\\test\\scenario\\delete.test.js",
          "file": "\\test\\scenario\\delete.test.js",
          "beforeHooks": [],
          "afterHooks": [],
          "tests": [
            {
              "title": "should sucessfull delete booking ID",
              "fullTitle": "As a User, I want to delete an id should sucessfull delete booking ID",
              "timedOut": false,
              "duration": 790,
              "state": "passed",
              "speed": "slow",
              "pass": true,
              "fail": false,
              "pending": false,
              "context": null,
              "code": "const response = await herokuApi.delete();\nassert.equal(response.status, 201);\nassert.strictEqual(typeof response.data, 'string');",
              "err": {},
              "uuid": "fc07a783-0bd4-40d5-ba13-23ee942ac005",
              "parentUUID": "5f0d1418-d23e-4b4f-bd40-5bfae75b90a0",
              "isHook": false,
              "skipped": false
            },
            {
              "title": "should not sucessfull delete invalid booking ID",
              "fullTitle": "As a User, I want to delete an id should not sucessfull delete invalid booking ID",
              "timedOut": false,
              "duration": 759,
              "state": "passed",
              "speed": "slow",
              "pass": true,
              "fail": false,
              "pending": false,
              "context": null,
              "code": "const response = await herokuApi.delete();\nassert.equal(response.status, 405);\nassert.strictEqual(typeof response.data, 'string');",
              "err": {},
              "uuid": "6b3f2d29-05f0-4644-95ce-59bfaa767e5f",
              "parentUUID": "5f0d1418-d23e-4b4f-bd40-5bfae75b90a0",
              "isHook": false,
              "skipped": false
            }
          ],
          "suites": [],
          "passes": [
            "fc07a783-0bd4-40d5-ba13-23ee942ac005",
            "6b3f2d29-05f0-4644-95ce-59bfaa767e5f"
          ],
          "failures": [],
          "pending": [],
          "skipped": [],
          "duration": 1549,
          "root": false,
          "rootEmpty": false,
          "_timeout": 2000
        }
      ],
      "passes": [],
      "failures": [],
      "pending": [],
      "skipped": [],
      "duration": 0,
      "root": true,
      "rootEmpty": true,
      "_timeout": 2000
    }
  ],
  "meta": {
    "mocha": {
      "version": "10.2.0"
    },
    "mochawesome": {
      "options": {
        "quiet": false,
        "reportFilename": "mochawesome",
        "saveHtml": true,
        "saveJson": true,
        "consoleReporter": "spec",
        "useInlineDiffs": false,
        "code": true
      },
      "version": "7.1.3"
    },
    "marge": {
      "options": {
        "reportDir": "reports"
      },
      "version": "6.2.0"
    }
  }
}