{
  "stats": {
    "suites": 1,
    "tests": 1,
    "passes": 1,
    "pending": 0,
    "failures": 0,
    "start": "2023-05-13T08:53:59.606Z",
    "end": "2023-05-13T08:54:00.742Z",
    "duration": 1136,
    "testsRegistered": 1,
    "passPercent": 100,
    "pendingPercent": 0,
    "other": 0,
    "hasOther": false,
    "skipped": 0,
    "hasSkipped": false
  },
  "results": [
    {
      "uuid": "56f8c570-9281-40ed-90ee-cfba1d443ff7",
      "title": "",
      "fullFile": "E:\\QA\\Automation\\NEST\\API\\batch9\\test\\scenario\\auth.test.js",
      "file": "\\test\\scenario\\auth.test.js",
      "beforeHooks": [],
      "afterHooks": [],
      "tests": [],
      "suites": [
        {
          "uuid": "6e8e6893-ae7d-41e3-ac6a-6348b0d37901",
          "title": "As a User, I want to create auth token",
          "fullFile": "E:\\QA\\Automation\\NEST\\API\\batch9\\test\\scenario\\auth.test.js",
          "file": "\\test\\scenario\\auth.test.js",
          "beforeHooks": [],
          "afterHooks": [],
          "tests": [
            {
              "title": "should sucesfully create auth token",
              "fullTitle": "As a User, I want to create auth token should sucesfully create auth token",
              "timedOut": false,
              "duration": 1130,
              "state": "passed",
              "speed": "slow",
              "pass": true,
              "fail": false,
              "pending": false,
              "context": null,
              "code": "const response = await herokuApi.auth(data.VALID_AUTH);\nassert.equal(response.status, 200);\nassert.isString(response.data.token);\n       // expect(response.data).to.be.jsonSchema(shcema.AUTH_SCHEMA);\nassert.jsonSchema(response.data, shcema.AUTH_SCHEMA);",
              "err": {},
              "uuid": "65bbb091-64e0-4110-b311-8dc67ad8a36e",
              "parentUUID": "6e8e6893-ae7d-41e3-ac6a-6348b0d37901",
              "isHook": false,
              "skipped": false
            }
          ],
          "suites": [],
          "passes": [
            "65bbb091-64e0-4110-b311-8dc67ad8a36e"
          ],
          "failures": [],
          "pending": [],
          "skipped": [],
          "duration": 1130,
          "root": false,
          "rootEmpty": false,
          "_timeout": 2000
        }
      ],
      "passes": [],
      "failures": [],
      "pending": [],
      "skipped": [],
      "duration": 0,
      "root": true,
      "rootEmpty": true,
      "_timeout": 2000
    }
  ],
  "meta": {
    "mocha": {
      "version": "10.2.0"
    },
    "mochawesome": {
      "options": {
        "quiet": false,
        "reportFilename": "mochawesome",
        "saveHtml": true,
        "saveJson": true,
        "consoleReporter": "spec",
        "useInlineDiffs": false,
        "code": true
      },
      "version": "7.1.3"
    },
    "marge": {
      "options": {
        "reportDir": "reports"
      },
      "version": "6.2.0"
    }
  }
}